<?xml version="1.0" encoding="UTF-8"?>
<testng-results ignored="0" total="1" passed="1" failed="0" skipped="0">
  <reporter-output>
  </reporter-output>
  <suite started-at="2023-12-12T10:14:51 EET" name="Default Suite" finished-at="2023-12-12T10:15:10 EET" duration-ms="19656">
    <groups>
    </groups>
    <test started-at="2023-12-12T10:14:51 EET" name="AutomationCourse" finished-at="2023-12-12T10:15:10 EET" duration-ms="19656">
      <class name="Practice.Lecture17.download.DownloadFiles">
        <test-method is-config="true" signature="setupTestSuite()[pri:0, instance:Practice.Lecture17.download.DownloadFiles@12d4bf7e]" started-at="2023-12-12T10:14:45 EET" name="setupTestSuite" finished-at="2023-12-12T10:14:51 EET" duration-ms="5275" status="PASS">
          <reporter-output>
          </reporter-output>
        </test-method> <!-- setupTestSuite -->
        <test-method is-config="true" signature="setupMethod()[pri:0, instance:Practice.Lecture17.download.DownloadFiles@12d4bf7e]" started-at="2023-12-12T10:14:51 EET" name="setupMethod" finished-at="2023-12-12T10:14:57 EET" duration-ms="6302" status="PASS">
          <reporter-output>
          </reporter-output>
        </test-method> <!-- setupMethod -->
        <test-method signature="testDownload()[pri:0, instance:Practice.Lecture17.download.DownloadFiles@12d4bf7e]" started-at="2023-12-12T10:14:57 EET" name="testDownload" finished-at="2023-12-12T10:15:08 EET" duration-ms="11237" status="PASS">
          <reporter-output>
          </reporter-output>
        </test-method> <!-- testDownload -->
        <test-method is-config="true" signature="tearDownTest(org.testng.ITestResult)[pri:0, instance:Practice.Lecture17.download.DownloadFiles@12d4bf7e]" started-at="2023-12-12T10:15:08 EET" name="tearDownTest" finished-at="2023-12-12T10:15:10 EET" duration-ms="2076" status="PASS">
          <params>
            <param index="0">
              <value>
                <![CDATA[[TestResult name=testDownload status=SUCCESS method=DownloadFiles.testDownload()[pri:0, instance:Practice.Lecture17.download.DownloadFiles@12d4bf7e] output={null}]]]>
              </value>
            </param>
          </params>
          <reporter-output>
          </reporter-output>
        </test-method> <!-- tearDownTest -->
        <test-method is-config="true" signature="deleteDownloadedFiles()[pri:0, instance:Practice.Lecture17.download.DownloadFiles@12d4bf7e]" started-at="2023-12-12T10:15:10 EET" name="deleteDownloadedFiles" finished-at="2023-12-12T10:15:10 EET" duration-ms="3" status="PASS">
          <reporter-output>
          </reporter-output>
        </test-method> <!-- deleteDownloadedFiles -->
      </class> <!-- Practice.Lecture17.download.DownloadFiles -->
    </test> <!-- AutomationCourse -->
  </suite> <!-- Default Suite -->
</testng-results>
